4 sink(s) available.
    index: 0
	name: <alsa_output.pci-0000_01_00.1.hdmi-stereo>
	driver: <module-alsa-card.c>
	flags: HARDWARE DECIBEL_VOLUME LATENCY DYNAMIC_LATENCY
	state: SUSPENDED
	suspend cause: APPLICATION|IDLE
	priority: 9030
	volume: front-left: 65536 / 100% / 0.00 dB,   front-right: 65536 / 100% / 0.00 dB
	        balance 0.00
	base volume: 65536 / 100% / 0.00 dB
	volume steps: 65537
	muted: no
	current latency: 0.00 ms
	max request: 0 KiB
	max rewind: 0 KiB
	monitor source: 0
	sample spec: s16le 2ch 44100Hz
	channel map: front-left,front-right
	             Stereo
	used by: 0
	linked by: 0
	configured latency: 0.00 ms; range is 0.50 .. 1999.82 ms
	card: 0 <alsa_card.pci-0000_01_00.1>
	module: 6
	properties:
		alsa.resolution_bits = "16"
		device.api = "alsa"
		device.class = "sound"
		alsa.class = "generic"
		alsa.subclass = "generic-mix"
		alsa.name = "LG HDR 4K"
		alsa.id = "HDMI 0"
		alsa.subdevice = "0"
		alsa.subdevice_name = "subdevice #0"
		alsa.device = "3"
		alsa.card = "1"
		alsa.card_name = "HDA NVidia"
		alsa.long_card_name = "HDA NVidia at 0xee000000 irq 17"
		alsa.driver_name = "snd_hda_intel"
		device.bus_path = "pci-0000:01:00.1"
		sysfs.path = "/devices/pci0000:00/0000:00:01.0/0000:01:00.1/sound/card1"
		device.bus = "pci"
		device.vendor.id = "10de"
		device.vendor.name = "NVIDIA Corporation"
		device.product.id = "10fa"
		device.string = "hdmi:1"
		device.buffering.buffer_size = "352768"
		device.buffering.fragment_size = "176384"
		device.access_mode = "mmap+timer"
		device.profile.name = "hdmi-stereo"
		device.profile.description = "Digital Stereo (HDMI)"
		device.description = "HDA NVidia Digital Stereo (HDMI)"
		module-udev-detect.discovered = "1"
		device.icon_name = "audio-card-pci"
	ports:
		hdmi-output-0: HDMI / DisplayPort (priority 5900, latency offset 0 usec, available: yes)
			properties:
				device.icon_name = "video-display"
				device.product.name = "LG HDR 4K"
	active port: <hdmi-output-0>
  * index: 1
	name: <alsa_output.usb-CalDigit__Inc._CalDigit_Thunderbolt_3_Audio-00.analog-stereo>
	driver: <module-alsa-card.c>
	flags: HARDWARE HW_MUTE_CTRL HW_VOLUME_CTRL DECIBEL_VOLUME LATENCY DYNAMIC_LATENCY
	state: SUSPENDED
	suspend cause: APPLICATION|IDLE
	priority: 9049
	volume: front-left: 38295 /  58% / -14.00 dB,   front-right: 38295 /  58% / -14.00 dB
	        balance 0.00
	base volume: 65536 / 100% / 0.00 dB
	volume steps: 65537
	muted: no
	current latency: 0.00 ms
	max request: 0 KiB
	max rewind: 0 KiB
	monitor source: 1
	sample spec: s16le 2ch 44100Hz
	channel map: front-left,front-right
	             Stereo
	used by: 0
	linked by: 0
	configured latency: 0.00 ms; range is 0.50 .. 2000.00 ms
	card: 1 <alsa_card.usb-CalDigit__Inc._CalDigit_Thunderbolt_3_Audio-00>
	module: 7
	properties:
		alsa.resolution_bits = "16"
		device.api = "alsa"
		device.class = "sound"
		alsa.class = "generic"
		alsa.subclass = "generic-mix"
		alsa.name = "USB Audio"
		alsa.id = "USB Audio"
		alsa.subdevice = "0"
		alsa.subdevice_name = "subdevice #0"
		alsa.device = "0"
		alsa.card = "2"
		alsa.card_name = "CalDigit Thunderbolt 3 Audio"
		alsa.long_card_name = "CalDigit, Inc. CalDigit Thunderbolt 3 Audio at usb-0000:2f:00.0-2, full speed"
		alsa.driver_name = "snd_usb_audio"
		device.bus_path = "pci-0000:2f:00.0-usb-0:2:1.0"
		sysfs.path = "/devices/pci0000:00/0000:00:1c.0/0000:04:00.0/0000:05:04.0/0000:2d:00.0/0000:2e:00.0/0000:2f:00.0/usb5/5-2/5-2:1.0/sound/card2"
		udev.id = "usb-CalDigit__Inc._CalDigit_Thunderbolt_3_Audio-00"
		device.bus = "usb"
		device.vendor.id = "2188"
		device.vendor.name = "No brand"
		device.product.id = "6533"
		device.product.name = "CalDigit Thunderbolt 3 Audio"
		device.serial = "CalDigit__Inc._CalDigit_Thunderbolt_3_Audio"
		device.string = "front:2"
		device.buffering.buffer_size = "352800"
		device.buffering.fragment_size = "176400"
		device.access_mode = "mmap+timer"
		device.profile.name = "analog-stereo"
		device.profile.description = "Analog Stereo"
		device.description = "CalDigit Thunderbolt 3 Audio Analog Stereo"
		module-udev-detect.discovered = "1"
		device.icon_name = "audio-card-usb"
	ports:
		analog-output-speaker: Speakers (priority 10000, latency offset 0 usec, available: unknown)
			properties:
				device.icon_name = "audio-speakers"
	active port: <analog-output-speaker>
    index: 2
	name: <alsa_output.pci-0000_00_1f.3.analog-stereo>
	driver: <module-alsa-card.c>
	flags: HARDWARE HW_MUTE_CTRL HW_VOLUME_CTRL DECIBEL_VOLUME LATENCY DYNAMIC_LATENCY
	state: SUSPENDED
	suspend cause: APPLICATION|IDLE
	priority: 9039
	volume: front-left: 55780 /  85% / -4.20 dB,   front-right: 55780 /  85% / -4.20 dB
	        balance 0.00
	base volume: 65536 / 100% / 0.00 dB
	volume steps: 65537
	muted: yes
	current latency: 0.00 ms
	max request: 0 KiB
	max rewind: 0 KiB
	monitor source: 3
	sample spec: s16le 2ch 48000Hz
	channel map: front-left,front-right
	             Stereo
	used by: 0
	linked by: 0
	configured latency: 0.00 ms; range is 0.50 .. 2000.00 ms
	card: 2 <alsa_card.pci-0000_00_1f.3>
	module: 8
	properties:
		alsa.resolution_bits = "16"
		device.api = "alsa"
		device.class = "sound"
		alsa.class = "generic"
		alsa.subclass = "generic-mix"
		alsa.name = "CX8070 Analog"
		alsa.id = "CX8070 Analog"
		alsa.subdevice = "0"
		alsa.subdevice_name = "subdevice #0"
		alsa.device = "0"
		alsa.card = "0"
		alsa.card_name = "HDA Intel PCH"
		alsa.long_card_name = "HDA Intel PCH at 0x4040108000 irq 201"
		alsa.driver_name = "snd_hda_intel"
		device.bus_path = "pci-0000:00:1f.3"
		sysfs.path = "/devices/pci0000:00/0000:00:1f.3/sound/card0"
		device.bus = "pci"
		device.vendor.id = "8086"
		device.vendor.name = "Intel Corporation"
		device.product.id = "a348"
		device.product.name = "Cannon Lake PCH cAVS"
		device.form_factor = "internal"
		device.string = "front:0"
		device.buffering.buffer_size = "384000"
		device.buffering.fragment_size = "192000"
		device.access_mode = "mmap+timer"
		device.profile.name = "analog-stereo"
		device.profile.description = "Analog Stereo"
		device.description = "Built-in Audio Analog Stereo"
		module-udev-detect.discovered = "1"
		device.icon_name = "audio-card-pci"
	ports:
		analog-output-speaker: Speakers (priority 10000, latency offset 0 usec, available: unknown)
			properties:
				device.icon_name = "audio-speakers"
		analog-output-headphones: Headphones (priority 9900, latency offset 0 usec, available: no)
			properties:
				device.icon_name = "audio-headphones"
	active port: <analog-output-speaker>
    index: 3
	name: <alsa_output.usb-Audioengine_LLC_Audioengine_2__AE202010001A2002-00.analog-stereo>
	driver: <module-alsa-card.c>
	flags: HARDWARE HW_MUTE_CTRL HW_VOLUME_CTRL DECIBEL_VOLUME LATENCY DYNAMIC_LATENCY
	state: SUSPENDED
	suspend cause: APPLICATION|IDLE
	priority: 9048
	volume: front-left: 29274 /  45% / -21.00 dB,   front-right: 29274 /  45% / -21.00 dB
	        balance 0.00
	base volume: 65536 / 100% / 0.00 dB
	volume steps: 65537
	muted: no
	current latency: 0.00 ms
	max request: 0 KiB
	max rewind: 0 KiB
	monitor source: 5
	sample spec: s16le 2ch 44100Hz
	channel map: front-left,front-right
	             Stereo
	used by: 0
	linked by: 0
	configured latency: 0.00 ms; range is 0.50 .. 2000.00 ms
	card: 3 <alsa_card.usb-Audioengine_LLC_Audioengine_2__AE202010001A2002-00>
	module: 20
	properties:
		alsa.resolution_bits = "16"
		device.api = "alsa"
		device.class = "sound"
		alsa.class = "generic"
		alsa.subclass = "generic-mix"
		alsa.name = "USB Audio"
		alsa.id = "USB Audio"
		alsa.subdevice = "0"
		alsa.subdevice_name = "subdevice #0"
		alsa.device = "0"
		alsa.card = "3"
		alsa.card_name = "Audioengine 2+"
		alsa.long_card_name = "Audioengine LLC Audioengine 2+ at usb-0000:30:00.0-3.1, full speed"
		alsa.driver_name = "snd_usb_audio"
		device.bus_path = "pci-0000:30:00.0-usb-0:3.1:1.0"
		sysfs.path = "/devices/pci0000:00/0000:00:1c.0/0000:04:00.0/0000:05:04.0/0000:2d:00.0/0000:2e:01.0/0000:30:00.0/usb7/7-3/7-3.1/7-3.1:1.0/sound/card3"
		udev.id = "usb-Audioengine_LLC_Audioengine_2+_AE202010001A2002-00"
		device.bus = "usb"
		device.vendor.id = "0a12"
		device.vendor.name = "Cambridge Silicon Radio, Ltd"
		device.product.id = "4007"
		device.product.name = "Mpow HC5 Headset in charging mode - HID / Mass Storage"
		device.serial = "Audioengine_LLC_Audioengine_2+_AE202010001A2002"
		device.form_factor = "headset"
		device.string = "front:3"
		device.buffering.buffer_size = "352800"
		device.buffering.fragment_size = "176400"
		device.access_mode = "mmap+timer"
		device.profile.name = "analog-stereo"
		device.profile.description = "Analog Stereo"
		device.description = "Mpow HC5 Headset in charging mode - HID / Mass Storage Analog Stereo"
		module-udev-detect.discovered = "1"
		device.icon_name = "audio-headset-usb"
		device.intended_roles = "phone"
	ports:
		analog-output: Analog Output (priority 9900, latency offset 0 usec, available: unknown)
			properties:
				
	active port: <analog-output>
